[debug] [2018-07-17T12:26:45.845Z] ----------------------------------------------------------------------
[debug] [2018-07-17T12:26:45.849Z] Command:       /usr/local/bin/node /usr/local/bin/firebase serve
[debug] [2018-07-17T12:26:45.849Z] CLI Version:   3.19.3
[debug] [2018-07-17T12:26:45.849Z] Platform:      darwin
[debug] [2018-07-17T12:26:45.849Z] Node Version:  v8.11.3
[debug] [2018-07-17T12:26:45.849Z] Time:          Tue Jul 17 2018 15:26:45 GMT+0300 (+03)
[debug] [2018-07-17T12:26:45.850Z] ----------------------------------------------------------------------
[debug] 
[debug] [2018-07-17T12:26:45.867Z] > command requires scopes: ["email","openid","https://www.googleapis.com/auth/cloudplatformprojects.readonly","https://www.googleapis.com/auth/firebase","https://www.googleapis.com/auth/cloud-platform"]
[debug] [2018-07-17T12:26:45.867Z] > authorizing via signed-in user
[debug] [2018-07-17T12:26:45.869Z] > refreshing access token with scopes: ["email","https://www.googleapis.com/auth/cloud-platform","https://www.googleapis.com/auth/cloudplatformprojects.readonly","https://www.googleapis.com/auth/firebase","openid"]
[debug] [2018-07-17T12:26:45.870Z] >>> HTTP REQUEST POST https://www.googleapis.com/oauth2/v3/token  
 { refresh_token: '1/dmDLf3UdO_BbwMTC8CkNUXC9pzZVd5iSgy80W2ylXrc',
  client_id: '563584335869-fgrhgmd47bqnekij5i8b5pr03ho849e6.apps.googleusercontent.com',
  client_secret: 'j9iVZfS8kkCEFUPaAeJV0sAi',
  grant_type: 'refresh_token',
  scope: 'email https://www.googleapis.com/auth/cloud-platform https://www.googleapis.com/auth/cloudplatformprojects.readonly https://www.googleapis.com/auth/firebase openid' } 
 Tue Jul 17 2018 15:26:45 GMT+0300 (+03)
[debug] [2018-07-17T12:26:46.298Z] <<< HTTP RESPONSE 200
[debug] [2018-07-17T12:26:46.317Z] >>> HTTP REQUEST GET https://admin.firebase.com/v1/projects/okuoku-ba439  
  
 Tue Jul 17 2018 15:26:46 GMT+0300 (+03)
[debug] [2018-07-17T12:26:47.277Z] <<< HTTP RESPONSE 200
[debug] [2018-07-17T12:26:47.278Z] >>> HTTP REQUEST GET https://admin.firebase.com/v1/database/okuoku-ba439/tokens  
  
 Tue Jul 17 2018 15:26:47 GMT+0300 (+03)
[debug] [2018-07-17T12:26:48.075Z] <<< HTTP RESPONSE 200
[debug] [2018-07-17T12:26:48.077Z] >>> HTTP REQUEST GET https://cloudresourcemanager.googleapis.com/v1/projects/okuoku-ba439  
  
 Tue Jul 17 2018 15:26:48 GMT+0300 (+03)
[debug] [2018-07-17T12:26:49.427Z] <<< HTTP RESPONSE 200
[info] 
[info] === Serving from '/Users/ahmetakkoc/Desktop/okuoku'...
[info] 
[debug] [2018-07-17T12:26:49.430Z] >>> HTTP REQUEST GET https://mobilesdk-pa.googleapis.com/v1/projects/624965285951/clients/_:getWebAppConfig  
  
 Tue Jul 17 2018 15:26:49 GMT+0300 (+03)
[debug] [2018-07-17T12:26:50.149Z] <<< HTTP RESPONSE 200
[info] i  hosting: Serving hosting files from: public
[info] ✔  hosting: Local server: http://localhost:5000

[debug] [2018-07-17T12:40:53.056Z] Error: getaddrinfo ENOTFOUND www.gstatic.com www.gstatic.com:443
    at errnoException (dns.js:50:10)
    at GetAddrInfoReqWrap.onlookup [as oncomplete] (dns.js:92:26)
[error] 
[error] Error: An unexpected error has occurred.
[debug] [2018-07-17T12:40:53.059Z] Error: socket hang up
    at createHangUpError (_http_client.js:331:15)
    at TLSSocket.socketCloseListener (_http_client.js:363:23)
    at emitOne (events.js:121:20)
    at TLSSocket.emit (events.js:211:7)
    at _handle.close (net.js:557:12)
    at TCP.done [as _onclose] (_tls_wrap.js:356:7)
[error] 
[error] Error: An unexpected error has occurred.
[debug] [2018-07-17T12:41:11.178Z] ----------------------------------------------------------------------
[debug] [2018-07-17T12:41:11.181Z] Command:       /usr/local/bin/node /usr/local/bin/firebase serve
[debug] [2018-07-17T12:41:11.181Z] CLI Version:   3.19.3
[debug] [2018-07-17T12:41:11.181Z] Platform:      darwin
[debug] [2018-07-17T12:41:11.181Z] Node Version:  v8.11.3
[debug] [2018-07-17T12:41:11.182Z] Time:          Tue Jul 17 2018 15:41:11 GMT+0300 (+03)
[debug] [2018-07-17T12:41:11.182Z] ----------------------------------------------------------------------
[debug] 
[debug] [2018-07-17T12:41:11.192Z] > command requires scopes: ["email","openid","https://www.googleapis.com/auth/cloudplatformprojects.readonly","https://www.googleapis.com/auth/firebase","https://www.googleapis.com/auth/cloud-platform"]
[debug] [2018-07-17T12:41:11.193Z] > authorizing via signed-in user
[debug] [2018-07-17T12:41:11.195Z] >>> HTTP REQUEST GET https://admin.firebase.com/v1/projects/okuoku-ba439  
  
 Tue Jul 17 2018 15:41:11 GMT+0300 (+03)
[debug] [2018-07-17T12:41:12.438Z] <<< HTTP RESPONSE 200
[debug] [2018-07-17T12:41:12.438Z] >>> HTTP REQUEST GET https://admin.firebase.com/v1/database/okuoku-ba439/tokens  
  
 Tue Jul 17 2018 15:41:12 GMT+0300 (+03)
[debug] [2018-07-17T12:41:13.142Z] <<< HTTP RESPONSE 200
[debug] [2018-07-17T12:41:13.143Z] >>> HTTP REQUEST GET https://cloudresourcemanager.googleapis.com/v1/projects/okuoku-ba439  
  
 Tue Jul 17 2018 15:41:13 GMT+0300 (+03)
[debug] [2018-07-17T12:41:14.496Z] <<< HTTP RESPONSE 200
[info] 
[info] === Serving from '/Users/ahmetakkoc/Desktop/okuoku'...
[info] 
[debug] [2018-07-17T12:41:14.498Z] >>> HTTP REQUEST GET https://mobilesdk-pa.googleapis.com/v1/projects/624965285951/clients/_:getWebAppConfig  
  
 Tue Jul 17 2018 15:41:14 GMT+0300 (+03)
[debug] [2018-07-17T12:41:15.408Z] <<< HTTP RESPONSE 200
[info] i  hosting: Serving hosting files from: public
[info] ✔  hosting: Local server: http://localhost:5000

[debug] [2018-07-17T14:22:10.584Z] Error: getaddrinfo ENOTFOUND www.gstatic.com www.gstatic.com:443
    at errnoException (dns.js:50:10)
    at GetAddrInfoReqWrap.onlookup [as oncomplete] (dns.js:92:26)
[error] 
[error] Error: An unexpected error has occurred.
[debug] [2018-07-17T14:22:10.589Z] Error: socket hang up
    at createHangUpError (_http_client.js:331:15)
    at TLSSocket.socketCloseListener (_http_client.js:363:23)
    at emitOne (events.js:121:20)
    at TLSSocket.emit (events.js:211:7)
    at _handle.close (net.js:557:12)
    at TCP.done [as _onclose] (_tls_wrap.js:356:7)
[error] 
[error] Error: An unexpected error has occurred.
[debug] [2018-07-17T14:22:31.179Z] ----------------------------------------------------------------------
[debug] [2018-07-17T14:22:31.181Z] Command:       /usr/local/bin/node /usr/local/bin/firebase serve
[debug] [2018-07-17T14:22:31.181Z] CLI Version:   3.19.3
[debug] [2018-07-17T14:22:31.181Z] Platform:      darwin
[debug] [2018-07-17T14:22:31.181Z] Node Version:  v8.11.3
[debug] [2018-07-17T14:22:31.181Z] Time:          Tue Jul 17 2018 17:22:31 GMT+0300 (+03)
[debug] [2018-07-17T14:22:31.181Z] ----------------------------------------------------------------------
[debug] 
[debug] [2018-07-17T14:22:31.192Z] > command requires scopes: ["email","openid","https://www.googleapis.com/auth/cloudplatformprojects.readonly","https://www.googleapis.com/auth/firebase","https://www.googleapis.com/auth/cloud-platform"]
[debug] [2018-07-17T14:22:31.193Z] > authorizing via signed-in user
[debug] [2018-07-17T14:22:31.194Z] > refreshing access token with scopes: ["email","https://www.googleapis.com/auth/cloud-platform","https://www.googleapis.com/auth/cloudplatformprojects.readonly","https://www.googleapis.com/auth/firebase","openid"]
[debug] [2018-07-17T14:22:31.195Z] >>> HTTP REQUEST POST https://www.googleapis.com/oauth2/v3/token  
 { refresh_token: '1/dmDLf3UdO_BbwMTC8CkNUXC9pzZVd5iSgy80W2ylXrc',
  client_id: '563584335869-fgrhgmd47bqnekij5i8b5pr03ho849e6.apps.googleusercontent.com',
  client_secret: 'j9iVZfS8kkCEFUPaAeJV0sAi',
  grant_type: 'refresh_token',
  scope: 'email https://www.googleapis.com/auth/cloud-platform https://www.googleapis.com/auth/cloudplatformprojects.readonly https://www.googleapis.com/auth/firebase openid' } 
 Tue Jul 17 2018 17:22:31 GMT+0300 (+03)
[debug] [2018-07-17T14:22:31.552Z] <<< HTTP RESPONSE 200
[debug] [2018-07-17T14:22:31.570Z] >>> HTTP REQUEST GET https://admin.firebase.com/v1/projects/okuoku-ba439  
  
 Tue Jul 17 2018 17:22:31 GMT+0300 (+03)
[debug] [2018-07-17T14:22:32.510Z] <<< HTTP RESPONSE 200
[debug] [2018-07-17T14:22:32.511Z] >>> HTTP REQUEST GET https://admin.firebase.com/v1/database/okuoku-ba439/tokens  
  
 Tue Jul 17 2018 17:22:32 GMT+0300 (+03)
[debug] [2018-07-17T14:22:33.244Z] <<< HTTP RESPONSE 200
[debug] [2018-07-17T14:22:33.245Z] >>> HTTP REQUEST GET https://cloudresourcemanager.googleapis.com/v1/projects/okuoku-ba439  
  
 Tue Jul 17 2018 17:22:33 GMT+0300 (+03)
[debug] [2018-07-17T14:22:34.641Z] <<< HTTP RESPONSE 200
[info] 
[info] === Serving from '/Users/ahmetakkoc/Desktop/okuoku'...
[info] 
[debug] [2018-07-17T14:22:34.643Z] >>> HTTP REQUEST GET https://mobilesdk-pa.googleapis.com/v1/projects/624965285951/clients/_:getWebAppConfig  
  
 Tue Jul 17 2018 17:22:34 GMT+0300 (+03)
[debug] [2018-07-17T14:22:35.766Z] <<< HTTP RESPONSE 200
[info] i  hosting: Serving hosting files from: public
[info] ✔  hosting: Local server: http://localhost:5000

[debug] [2018-07-18T18:50:32.525Z] Error: getaddrinfo ENOTFOUND www.gstatic.com www.gstatic.com:443
    at errnoException (dns.js:50:10)
    at GetAddrInfoReqWrap.onlookup [as oncomplete] (dns.js:92:26)
[error] 
[error] Error: An unexpected error has occurred.
[debug] [2018-07-18T18:50:32.541Z] Error: socket hang up
    at createHangUpError (_http_client.js:331:15)
    at TLSSocket.socketCloseListener (_http_client.js:363:23)
    at emitOne (events.js:121:20)
    at TLSSocket.emit (events.js:211:7)
    at _handle.close (net.js:557:12)
    at TCP.done [as _onclose] (_tls_wrap.js:356:7)
[error] 
[error] Error: An unexpected error has occurred.
[debug] [2018-07-18T18:50:49.763Z] ----------------------------------------------------------------------
[debug] [2018-07-18T18:50:49.766Z] Command:       /usr/local/bin/node /usr/local/bin/firebase serve
[debug] [2018-07-18T18:50:49.766Z] CLI Version:   3.19.3
[debug] [2018-07-18T18:50:49.766Z] Platform:      darwin
[debug] [2018-07-18T18:50:49.766Z] Node Version:  v8.11.3
[debug] [2018-07-18T18:50:49.767Z] Time:          Wed Jul 18 2018 21:50:49 GMT+0300 (+03)
[debug] [2018-07-18T18:50:49.767Z] ----------------------------------------------------------------------
[debug] 
[debug] [2018-07-18T18:50:49.782Z] > command requires scopes: ["email","openid","https://www.googleapis.com/auth/cloudplatformprojects.readonly","https://www.googleapis.com/auth/firebase","https://www.googleapis.com/auth/cloud-platform"]
[debug] [2018-07-18T18:50:49.782Z] > authorizing via signed-in user
[debug] [2018-07-18T18:50:49.784Z] > refreshing access token with scopes: ["email","https://www.googleapis.com/auth/cloud-platform","https://www.googleapis.com/auth/cloudplatformprojects.readonly","https://www.googleapis.com/auth/firebase","openid"]
[debug] [2018-07-18T18:50:49.785Z] >>> HTTP REQUEST POST https://www.googleapis.com/oauth2/v3/token  
 { refresh_token: '1/dmDLf3UdO_BbwMTC8CkNUXC9pzZVd5iSgy80W2ylXrc',
  client_id: '563584335869-fgrhgmd47bqnekij5i8b5pr03ho849e6.apps.googleusercontent.com',
  client_secret: 'j9iVZfS8kkCEFUPaAeJV0sAi',
  grant_type: 'refresh_token',
  scope: 'email https://www.googleapis.com/auth/cloud-platform https://www.googleapis.com/auth/cloudplatformprojects.readonly https://www.googleapis.com/auth/firebase openid' } 
 Wed Jul 18 2018 21:50:49 GMT+0300 (+03)
[debug] [2018-07-18T18:50:51.062Z] <<< HTTP RESPONSE 200
[debug] [2018-07-18T18:50:51.087Z] >>> HTTP REQUEST GET https://admin.firebase.com/v1/projects/okuoku-ba439  
  
 Wed Jul 18 2018 21:50:51 GMT+0300 (+03)
[debug] [2018-07-18T18:50:52.985Z] <<< HTTP RESPONSE 200
[debug] [2018-07-18T18:50:52.986Z] >>> HTTP REQUEST GET https://admin.firebase.com/v1/database/okuoku-ba439/tokens  
  
 Wed Jul 18 2018 21:50:52 GMT+0300 (+03)
[debug] [2018-07-18T18:50:53.935Z] <<< HTTP RESPONSE 200
[debug] [2018-07-18T18:50:53.936Z] >>> HTTP REQUEST GET https://cloudresourcemanager.googleapis.com/v1/projects/okuoku-ba439  
  
 Wed Jul 18 2018 21:50:53 GMT+0300 (+03)
[debug] [2018-07-18T18:50:55.451Z] <<< HTTP RESPONSE 200
[info] 
[info] === Serving from '/Users/ahmetakkoc/Desktop/okuoku'...
[info] 
[debug] [2018-07-18T18:50:55.454Z] >>> HTTP REQUEST GET https://mobilesdk-pa.googleapis.com/v1/projects/624965285951/clients/_:getWebAppConfig  
  
 Wed Jul 18 2018 21:50:55 GMT+0300 (+03)
[debug] [2018-07-18T18:50:56.850Z] <<< HTTP RESPONSE 200
[info] i  hosting: Serving hosting files from: public
[info] ✔  hosting: Local server: http://localhost:5000

[debug] [2018-07-18T20:52:04.665Z] Error: getaddrinfo ENOTFOUND www.gstatic.com www.gstatic.com:443
    at errnoException (dns.js:50:10)
    at GetAddrInfoReqWrap.onlookup [as oncomplete] (dns.js:92:26)
[error] 
[error] Error: An unexpected error has occurred.
[debug] [2018-07-18T20:52:04.669Z] Error: socket hang up
    at createHangUpError (_http_client.js:331:15)
    at TLSSocket.socketCloseListener (_http_client.js:363:23)
    at emitOne (events.js:121:20)
    at TLSSocket.emit (events.js:211:7)
    at _handle.close (net.js:557:12)
    at TCP.done [as _onclose] (_tls_wrap.js:356:7)
[error] 
[error] Error: An unexpected error has occurred.
[debug] [2018-07-18T21:00:40.638Z] ----------------------------------------------------------------------
[debug] [2018-07-18T21:00:40.640Z] Command:       /usr/local/bin/node /usr/local/bin/firebase serve
[debug] [2018-07-18T21:00:40.640Z] CLI Version:   3.19.3
[debug] [2018-07-18T21:00:40.640Z] Platform:      darwin
[debug] [2018-07-18T21:00:40.640Z] Node Version:  v8.11.3
[debug] [2018-07-18T21:00:40.641Z] Time:          Thu Jul 19 2018 00:00:40 GMT+0300 (+03)
[debug] [2018-07-18T21:00:40.641Z] ----------------------------------------------------------------------
[debug] 
[debug] [2018-07-18T21:00:40.652Z] > command requires scopes: ["email","openid","https://www.googleapis.com/auth/cloudplatformprojects.readonly","https://www.googleapis.com/auth/firebase","https://www.googleapis.com/auth/cloud-platform"]
[debug] [2018-07-18T21:00:40.652Z] > authorizing via signed-in user
[debug] [2018-07-18T21:00:40.654Z] > refreshing access token with scopes: ["email","https://www.googleapis.com/auth/cloud-platform","https://www.googleapis.com/auth/cloudplatformprojects.readonly","https://www.googleapis.com/auth/firebase","openid"]
[debug] [2018-07-18T21:00:40.655Z] >>> HTTP REQUEST POST https://www.googleapis.com/oauth2/v3/token  
 { refresh_token: '1/dmDLf3UdO_BbwMTC8CkNUXC9pzZVd5iSgy80W2ylXrc',
  client_id: '563584335869-fgrhgmd47bqnekij5i8b5pr03ho849e6.apps.googleusercontent.com',
  client_secret: 'j9iVZfS8kkCEFUPaAeJV0sAi',
  grant_type: 'refresh_token',
  scope: 'email https://www.googleapis.com/auth/cloud-platform https://www.googleapis.com/auth/cloudplatformprojects.readonly https://www.googleapis.com/auth/firebase openid' } 
 Thu Jul 19 2018 00:00:40 GMT+0300 (+03)
[debug] [2018-07-18T21:00:41.043Z] <<< HTTP RESPONSE 200
[debug] [2018-07-18T21:00:41.059Z] >>> HTTP REQUEST GET https://admin.firebase.com/v1/projects/okuoku-ba439  
  
 Thu Jul 19 2018 00:00:41 GMT+0300 (+03)
[debug] [2018-07-18T21:00:42.017Z] <<< HTTP RESPONSE 200
[debug] [2018-07-18T21:00:42.018Z] >>> HTTP REQUEST GET https://admin.firebase.com/v1/database/okuoku-ba439/tokens  
  
 Thu Jul 19 2018 00:00:42 GMT+0300 (+03)
[debug] [2018-07-18T21:00:42.827Z] <<< HTTP RESPONSE 200
[debug] [2018-07-18T21:00:42.828Z] >>> HTTP REQUEST GET https://cloudresourcemanager.googleapis.com/v1/projects/okuoku-ba439  
  
 Thu Jul 19 2018 00:00:42 GMT+0300 (+03)
[debug] [2018-07-18T21:00:44.163Z] <<< HTTP RESPONSE 200
[info] 
[info] === Serving from '/Users/ahmetakkoc/Desktop/okuoku'...
[info] 
[debug] [2018-07-18T21:00:44.165Z] >>> HTTP REQUEST GET https://mobilesdk-pa.googleapis.com/v1/projects/624965285951/clients/_:getWebAppConfig  
  
 Thu Jul 19 2018 00:00:44 GMT+0300 (+03)
[debug] [2018-07-18T21:00:44.986Z] <<< HTTP RESPONSE 200
[info] i  hosting: Serving hosting files from: public
[info] ✔  hosting: Local server: http://localhost:5000

[debug] [2018-07-21T13:09:15.397Z] ----------------------------------------------------------------------
[debug] [2018-07-21T13:09:15.399Z] Command:       /usr/local/bin/node /usr/local/bin/firebase serve
[debug] [2018-07-21T13:09:15.399Z] CLI Version:   3.19.3
[debug] [2018-07-21T13:09:15.399Z] Platform:      darwin
[debug] [2018-07-21T13:09:15.399Z] Node Version:  v8.11.3
[debug] [2018-07-21T13:09:15.399Z] Time:          Sat Jul 21 2018 16:09:15 GMT+0300 (+03)
[debug] [2018-07-21T13:09:15.400Z] ----------------------------------------------------------------------
[debug] 
[debug] [2018-07-21T13:09:15.415Z] > command requires scopes: ["email","openid","https://www.googleapis.com/auth/cloudplatformprojects.readonly","https://www.googleapis.com/auth/firebase","https://www.googleapis.com/auth/cloud-platform"]
[debug] [2018-07-21T13:09:15.415Z] > authorizing via signed-in user
[debug] [2018-07-21T13:09:15.417Z] > refreshing access token with scopes: ["email","https://www.googleapis.com/auth/cloud-platform","https://www.googleapis.com/auth/cloudplatformprojects.readonly","https://www.googleapis.com/auth/firebase","openid"]
[debug] [2018-07-21T13:09:15.417Z] >>> HTTP REQUEST POST https://www.googleapis.com/oauth2/v3/token  
 { refresh_token: '1/dmDLf3UdO_BbwMTC8CkNUXC9pzZVd5iSgy80W2ylXrc',
  client_id: '563584335869-fgrhgmd47bqnekij5i8b5pr03ho849e6.apps.googleusercontent.com',
  client_secret: 'j9iVZfS8kkCEFUPaAeJV0sAi',
  grant_type: 'refresh_token',
  scope: 'email https://www.googleapis.com/auth/cloud-platform https://www.googleapis.com/auth/cloudplatformprojects.readonly https://www.googleapis.com/auth/firebase openid' } 
 Sat Jul 21 2018 16:09:15 GMT+0300 (+03)
[debug] [2018-07-21T13:09:15.888Z] <<< HTTP RESPONSE 200
[debug] [2018-07-21T13:09:15.902Z] >>> HTTP REQUEST GET https://admin.firebase.com/v1/projects/okuoku-ba439  
  
 Sat Jul 21 2018 16:09:15 GMT+0300 (+03)
[debug] [2018-07-21T13:09:16.892Z] <<< HTTP RESPONSE 200
[debug] [2018-07-21T13:09:16.893Z] >>> HTTP REQUEST GET https://admin.firebase.com/v1/database/okuoku-ba439/tokens  
  
 Sat Jul 21 2018 16:09:16 GMT+0300 (+03)
[debug] [2018-07-21T13:09:17.628Z] <<< HTTP RESPONSE 200
[debug] [2018-07-21T13:09:17.629Z] >>> HTTP REQUEST GET https://cloudresourcemanager.googleapis.com/v1/projects/okuoku-ba439  
  
 Sat Jul 21 2018 16:09:17 GMT+0300 (+03)
[debug] [2018-07-21T13:09:19.064Z] <<< HTTP RESPONSE 200
[info] 
[info] === Serving from '/Users/ahmetakkoc/Desktop/okuoku'...
[info] 
[debug] [2018-07-21T13:09:19.065Z] >>> HTTP REQUEST GET https://mobilesdk-pa.googleapis.com/v1/projects/624965285951/clients/_:getWebAppConfig  
  
 Sat Jul 21 2018 16:09:19 GMT+0300 (+03)
[debug] [2018-07-21T13:09:20.373Z] <<< HTTP RESPONSE 200
[info] i  hosting: Serving hosting files from: public
[info] ✔  hosting: Local server: http://localhost:5000

[debug] [2018-07-21T14:31:56.424Z] Error: getaddrinfo ENOTFOUND www.gstatic.com www.gstatic.com:443
    at errnoException (dns.js:50:10)
    at GetAddrInfoReqWrap.onlookup [as oncomplete] (dns.js:92:26)
[error] 
[error] Error: An unexpected error has occurred.
[debug] [2018-07-21T14:31:56.436Z] Error: socket hang up
    at createHangUpError (_http_client.js:331:15)
    at TLSSocket.socketCloseListener (_http_client.js:363:23)
    at emitOne (events.js:121:20)
    at TLSSocket.emit (events.js:211:7)
    at _handle.close (net.js:557:12)
    at TCP.done [as _onclose] (_tls_wrap.js:356:7)
[error] 
[error] Error: An unexpected error has occurred.
[debug] [2018-07-21T14:31:56.439Z] Error: getaddrinfo ENOTFOUND www.gstatic.com www.gstatic.com:443
    at errnoException (dns.js:50:10)
    at GetAddrInfoReqWrap.onlookup [as oncomplete] (dns.js:92:26)
[error] 
[error] Error: An unexpected error has occurred.
[debug] [2018-07-21T14:31:56.442Z] Error: getaddrinfo ENOTFOUND www.gstatic.com www.gstatic.com:443
    at errnoException (dns.js:50:10)
    at GetAddrInfoReqWrap.onlookup [as oncomplete] (dns.js:92:26)
[error] 
[error] Error: An unexpected error has occurred.
[debug] [2018-07-21T14:31:56.443Z] Error: getaddrinfo ENOTFOUND www.gstatic.com www.gstatic.com:443
    at errnoException (dns.js:50:10)
    at GetAddrInfoReqWrap.onlookup [as oncomplete] (dns.js:92:26)
[error] 
[error] Error: An unexpected error has occurred.
[debug] [2018-07-21T14:31:56.444Z] Error: getaddrinfo ENOTFOUND www.gstatic.com www.gstatic.com:443
    at errnoException (dns.js:50:10)
    at GetAddrInfoReqWrap.onlookup [as oncomplete] (dns.js:92:26)
[error] 
[error] Error: An unexpected error has occurred.
[debug] [2018-07-21T14:31:56.445Z] Error: socket hang up
    at createHangUpError (_http_client.js:331:15)
    at TLSSocket.socketCloseListener (_http_client.js:363:23)
    at emitOne (events.js:121:20)
    at TLSSocket.emit (events.js:211:7)
    at _handle.close (net.js:557:12)
    at TCP.done [as _onclose] (_tls_wrap.js:356:7)
[error] 
[error] Error: An unexpected error has occurred.
[debug] [2018-07-21T14:31:56.447Z] Error: socket hang up
    at createHangUpError (_http_client.js:331:15)
    at TLSSocket.socketCloseListener (_http_client.js:363:23)
    at emitOne (events.js:121:20)
    at TLSSocket.emit (events.js:211:7)
    at _handle.close (net.js:557:12)
    at TCP.done [as _onclose] (_tls_wrap.js:356:7)
[error] 
[error] Error: An unexpected error has occurred.
[debug] [2018-07-21T14:31:56.451Z] Error: socket hang up
    at createHangUpError (_http_client.js:331:15)
    at TLSSocket.socketCloseListener (_http_client.js:363:23)
    at emitOne (events.js:121:20)
    at TLSSocket.emit (events.js:211:7)
    at _handle.close (net.js:557:12)
    at TCP.done [as _onclose] (_tls_wrap.js:356:7)
[error] 
[error] Error: An unexpected error has occurred.
[debug] [2018-07-21T14:31:56.454Z] Error: socket hang up
    at createHangUpError (_http_client.js:331:15)
    at TLSSocket.socketCloseListener (_http_client.js:363:23)
    at emitOne (events.js:121:20)
    at TLSSocket.emit (events.js:211:7)
    at _handle.close (net.js:557:12)
    at TCP.done [as _onclose] (_tls_wrap.js:356:7)
[error] 
[error] Error: An unexpected error has occurred.
[debug] [2018-07-21T14:32:42.338Z] ----------------------------------------------------------------------
[debug] [2018-07-21T14:32:42.340Z] Command:       /usr/local/bin/node /usr/local/bin/firebase serve
[debug] [2018-07-21T14:32:42.340Z] CLI Version:   3.19.3
[debug] [2018-07-21T14:32:42.340Z] Platform:      darwin
[debug] [2018-07-21T14:32:42.340Z] Node Version:  v8.11.3
[debug] [2018-07-21T14:32:42.341Z] Time:          Sat Jul 21 2018 17:32:42 GMT+0300 (+03)
[debug] [2018-07-21T14:32:42.341Z] ----------------------------------------------------------------------
[debug] 
[debug] [2018-07-21T14:32:42.352Z] > command requires scopes: ["email","openid","https://www.googleapis.com/auth/cloudplatformprojects.readonly","https://www.googleapis.com/auth/firebase","https://www.googleapis.com/auth/cloud-platform"]
[debug] [2018-07-21T14:32:42.353Z] > authorizing via signed-in user
[debug] [2018-07-21T14:32:42.355Z] > refreshing access token with scopes: ["email","https://www.googleapis.com/auth/cloud-platform","https://www.googleapis.com/auth/cloudplatformprojects.readonly","https://www.googleapis.com/auth/firebase","openid"]
[debug] [2018-07-21T14:32:42.355Z] >>> HTTP REQUEST POST https://www.googleapis.com/oauth2/v3/token  
 { refresh_token: '1/dmDLf3UdO_BbwMTC8CkNUXC9pzZVd5iSgy80W2ylXrc',
  client_id: '563584335869-fgrhgmd47bqnekij5i8b5pr03ho849e6.apps.googleusercontent.com',
  client_secret: 'j9iVZfS8kkCEFUPaAeJV0sAi',
  grant_type: 'refresh_token',
  scope: 'email https://www.googleapis.com/auth/cloud-platform https://www.googleapis.com/auth/cloudplatformprojects.readonly https://www.googleapis.com/auth/firebase openid' } 
 Sat Jul 21 2018 17:32:42 GMT+0300 (+03)
[debug] [2018-07-21T14:32:42.762Z] <<< HTTP RESPONSE 200
[debug] [2018-07-21T14:32:42.778Z] >>> HTTP REQUEST GET https://admin.firebase.com/v1/projects/okuoku-ba439  
  
 Sat Jul 21 2018 17:32:42 GMT+0300 (+03)
[debug] [2018-07-21T14:32:43.698Z] <<< HTTP RESPONSE 200
[debug] [2018-07-21T14:32:43.699Z] >>> HTTP REQUEST GET https://admin.firebase.com/v1/database/okuoku-ba439/tokens  
  
 Sat Jul 21 2018 17:32:43 GMT+0300 (+03)
[debug] [2018-07-21T14:32:44.432Z] <<< HTTP RESPONSE 200
[debug] [2018-07-21T14:32:44.433Z] >>> HTTP REQUEST GET https://cloudresourcemanager.googleapis.com/v1/projects/okuoku-ba439  
  
 Sat Jul 21 2018 17:32:44 GMT+0300 (+03)
[debug] [2018-07-21T14:32:45.776Z] <<< HTTP RESPONSE 200
[info] 
[info] === Serving from '/Users/ahmetakkoc/Desktop/okuoku'...
[info] 
[debug] [2018-07-21T14:32:45.779Z] >>> HTTP REQUEST GET https://mobilesdk-pa.googleapis.com/v1/projects/624965285951/clients/_:getWebAppConfig  
  
 Sat Jul 21 2018 17:32:45 GMT+0300 (+03)
[debug] [2018-07-21T14:32:46.533Z] <<< HTTP RESPONSE 200
[info] i  hosting: Serving hosting files from: public
[info] ✔  hosting: Local server: http://localhost:5000

[debug] [2018-07-22T22:18:17.742Z] Error: getaddrinfo ENOTFOUND www.gstatic.com www.gstatic.com:443
    at errnoException (dns.js:50:10)
    at GetAddrInfoReqWrap.onlookup [as oncomplete] (dns.js:92:26)
[error] 
[error] Error: An unexpected error has occurred.
[debug] [2018-07-22T22:18:17.940Z] Error: socket hang up
    at createHangUpError (_http_client.js:331:15)
    at TLSSocket.socketCloseListener (_http_client.js:363:23)
    at emitOne (events.js:121:20)
    at TLSSocket.emit (events.js:211:7)
    at _handle.close (net.js:557:12)
    at TCP.done [as _onclose] (_tls_wrap.js:356:7)
[error] 
[error] Error: An unexpected error has occurred.
[debug] [2018-07-22T22:18:33.604Z] ----------------------------------------------------------------------
[debug] [2018-07-22T22:18:33.606Z] Command:       /usr/local/bin/node /usr/local/bin/firebase serve
[debug] [2018-07-22T22:18:33.607Z] CLI Version:   3.19.3
[debug] [2018-07-22T22:18:33.607Z] Platform:      darwin
[debug] [2018-07-22T22:18:33.607Z] Node Version:  v8.11.3
[debug] [2018-07-22T22:18:33.607Z] Time:          Mon Jul 23 2018 01:18:33 GMT+0300 (+03)
[debug] [2018-07-22T22:18:33.607Z] ----------------------------------------------------------------------
[debug] 
[debug] [2018-07-22T22:18:33.622Z] > command requires scopes: ["email","openid","https://www.googleapis.com/auth/cloudplatformprojects.readonly","https://www.googleapis.com/auth/firebase","https://www.googleapis.com/auth/cloud-platform"]
[debug] [2018-07-22T22:18:33.622Z] > authorizing via signed-in user
[debug] [2018-07-22T22:18:33.624Z] > refreshing access token with scopes: ["email","https://www.googleapis.com/auth/cloud-platform","https://www.googleapis.com/auth/cloudplatformprojects.readonly","https://www.googleapis.com/auth/firebase","openid"]
[debug] [2018-07-22T22:18:33.624Z] >>> HTTP REQUEST POST https://www.googleapis.com/oauth2/v3/token  
 { refresh_token: '1/dmDLf3UdO_BbwMTC8CkNUXC9pzZVd5iSgy80W2ylXrc',
  client_id: '563584335869-fgrhgmd47bqnekij5i8b5pr03ho849e6.apps.googleusercontent.com',
  client_secret: 'j9iVZfS8kkCEFUPaAeJV0sAi',
  grant_type: 'refresh_token',
  scope: 'email https://www.googleapis.com/auth/cloud-platform https://www.googleapis.com/auth/cloudplatformprojects.readonly https://www.googleapis.com/auth/firebase openid' } 
 Mon Jul 23 2018 01:18:33 GMT+0300 (+03)
[debug] [2018-07-22T22:18:34.029Z] <<< HTTP RESPONSE 200
[debug] [2018-07-22T22:18:34.054Z] >>> HTTP REQUEST GET https://admin.firebase.com/v1/projects/okuoku-ba439  
  
 Mon Jul 23 2018 01:18:34 GMT+0300 (+03)
[debug] [2018-07-22T22:18:34.990Z] <<< HTTP RESPONSE 200
[debug] [2018-07-22T22:18:34.992Z] >>> HTTP REQUEST GET https://admin.firebase.com/v1/database/okuoku-ba439/tokens  
  
 Mon Jul 23 2018 01:18:34 GMT+0300 (+03)
[debug] [2018-07-22T22:18:35.738Z] <<< HTTP RESPONSE 200
[debug] [2018-07-22T22:18:35.739Z] >>> HTTP REQUEST GET https://cloudresourcemanager.googleapis.com/v1/projects/okuoku-ba439  
  
 Mon Jul 23 2018 01:18:35 GMT+0300 (+03)
[debug] [2018-07-22T22:18:37.022Z] <<< HTTP RESPONSE 200
[info] 
[info] === Serving from '/Users/ahmetakkoc/Desktop/okuoku'...
[info] 
[debug] [2018-07-22T22:18:37.024Z] >>> HTTP REQUEST GET https://mobilesdk-pa.googleapis.com/v1/projects/624965285951/clients/_:getWebAppConfig  
  
 Mon Jul 23 2018 01:18:37 GMT+0300 (+03)
[debug] [2018-07-22T22:18:37.800Z] <<< HTTP RESPONSE 200
[info] i  hosting: Serving hosting files from: public
[info] ✔  hosting: Local server: http://localhost:5000

[debug] [2018-07-31T18:16:19.407Z] ----------------------------------------------------------------------
[debug] [2018-07-31T18:16:19.410Z] Command:       /usr/local/bin/node /usr/local/bin/firebase serve
[debug] [2018-07-31T18:16:19.410Z] CLI Version:   3.19.3
[debug] [2018-07-31T18:16:19.410Z] Platform:      darwin
[debug] [2018-07-31T18:16:19.410Z] Node Version:  v8.11.3
[debug] [2018-07-31T18:16:19.411Z] Time:          Tue Jul 31 2018 21:16:19 GMT+0300 (+03)
[debug] [2018-07-31T18:16:19.411Z] ----------------------------------------------------------------------
[debug] 
[debug] [2018-07-31T18:16:19.425Z] > command requires scopes: ["email","openid","https://www.googleapis.com/auth/cloudplatformprojects.readonly","https://www.googleapis.com/auth/firebase","https://www.googleapis.com/auth/cloud-platform"]
[debug] [2018-07-31T18:16:19.426Z] > authorizing via signed-in user
[debug] [2018-07-31T18:16:19.428Z] > refreshing access token with scopes: ["email","https://www.googleapis.com/auth/cloud-platform","https://www.googleapis.com/auth/cloudplatformprojects.readonly","https://www.googleapis.com/auth/firebase","openid"]
[debug] [2018-07-31T18:16:19.428Z] >>> HTTP REQUEST POST https://www.googleapis.com/oauth2/v3/token  
 { refresh_token: '1/dmDLf3UdO_BbwMTC8CkNUXC9pzZVd5iSgy80W2ylXrc',
  client_id: '563584335869-fgrhgmd47bqnekij5i8b5pr03ho849e6.apps.googleusercontent.com',
  client_secret: 'j9iVZfS8kkCEFUPaAeJV0sAi',
  grant_type: 'refresh_token',
  scope: 'email https://www.googleapis.com/auth/cloud-platform https://www.googleapis.com/auth/cloudplatformprojects.readonly https://www.googleapis.com/auth/firebase openid' } 
 Tue Jul 31 2018 21:16:19 GMT+0300 (+03)
[debug] [2018-07-31T18:16:19.809Z] <<< HTTP RESPONSE 200
[debug] [2018-07-31T18:16:19.825Z] >>> HTTP REQUEST GET https://admin.firebase.com/v1/projects/okuoku-ba439  
  
 Tue Jul 31 2018 21:16:19 GMT+0300 (+03)
[debug] [2018-07-31T18:16:20.812Z] <<< HTTP RESPONSE 200
[debug] [2018-07-31T18:16:20.813Z] >>> HTTP REQUEST GET https://admin.firebase.com/v1/database/okuoku-ba439/tokens  
  
 Tue Jul 31 2018 21:16:20 GMT+0300 (+03)
[debug] [2018-07-31T18:16:21.537Z] <<< HTTP RESPONSE 200
[debug] [2018-07-31T18:16:21.539Z] >>> HTTP REQUEST GET https://cloudresourcemanager.googleapis.com/v1/projects/okuoku-ba439  
  
 Tue Jul 31 2018 21:16:21 GMT+0300 (+03)
[debug] [2018-07-31T18:16:22.828Z] <<< HTTP RESPONSE 200
[info] 
[info] === Serving from '/Users/ahmetakkoc/Desktop/okuoku'...
[info] 
[debug] [2018-07-31T18:16:22.831Z] >>> HTTP REQUEST GET https://mobilesdk-pa.googleapis.com/v1/projects/624965285951/clients/_:getWebAppConfig  
  
 Tue Jul 31 2018 21:16:22 GMT+0300 (+03)
[debug] [2018-07-31T18:16:23.478Z] <<< HTTP RESPONSE 200
[info] i  hosting: Serving hosting files from: public
[info] ✔  hosting: Local server: http://localhost:5000

[debug] [2018-08-02T07:09:28.188Z] ----------------------------------------------------------------------
[debug] [2018-08-02T07:09:28.190Z] Command:       /usr/local/bin/node /usr/local/bin/firebase serve
[debug] [2018-08-02T07:09:28.190Z] CLI Version:   3.19.3
[debug] [2018-08-02T07:09:28.190Z] Platform:      darwin
[debug] [2018-08-02T07:09:28.190Z] Node Version:  v8.11.3
[debug] [2018-08-02T07:09:28.191Z] Time:          Thu Aug 02 2018 10:09:28 GMT+0300 (+03)
[debug] [2018-08-02T07:09:28.191Z] ----------------------------------------------------------------------
[debug] 
[debug] [2018-08-02T07:09:28.208Z] > command requires scopes: ["email","openid","https://www.googleapis.com/auth/cloudplatformprojects.readonly","https://www.googleapis.com/auth/firebase","https://www.googleapis.com/auth/cloud-platform"]
[debug] [2018-08-02T07:09:28.208Z] > authorizing via signed-in user
[debug] [2018-08-02T07:09:28.211Z] > refreshing access token with scopes: ["email","https://www.googleapis.com/auth/cloud-platform","https://www.googleapis.com/auth/cloudplatformprojects.readonly","https://www.googleapis.com/auth/firebase","openid"]
[debug] [2018-08-02T07:09:28.212Z] >>> HTTP REQUEST POST https://www.googleapis.com/oauth2/v3/token  
 { refresh_token: '1/dmDLf3UdO_BbwMTC8CkNUXC9pzZVd5iSgy80W2ylXrc',
  client_id: '563584335869-fgrhgmd47bqnekij5i8b5pr03ho849e6.apps.googleusercontent.com',
  client_secret: 'j9iVZfS8kkCEFUPaAeJV0sAi',
  grant_type: 'refresh_token',
  scope: 'email https://www.googleapis.com/auth/cloud-platform https://www.googleapis.com/auth/cloudplatformprojects.readonly https://www.googleapis.com/auth/firebase openid' } 
 Thu Aug 02 2018 10:09:28 GMT+0300 (+03)
[debug] [2018-08-02T07:09:28.705Z] <<< HTTP RESPONSE 200
[debug] [2018-08-02T07:09:28.934Z] >>> HTTP REQUEST GET https://admin.firebase.com/v1/projects/okuoku-ba439  
  
 Thu Aug 02 2018 10:09:28 GMT+0300 (+03)
[debug] [2018-08-02T07:09:29.848Z] <<< HTTP RESPONSE 200
[debug] [2018-08-02T07:09:29.850Z] >>> HTTP REQUEST GET https://admin.firebase.com/v1/database/okuoku-ba439/tokens  
  
 Thu Aug 02 2018 10:09:29 GMT+0300 (+03)
[debug] [2018-08-02T07:09:30.830Z] <<< HTTP RESPONSE 200
[debug] [2018-08-02T07:09:30.830Z] >>> HTTP REQUEST GET https://cloudresourcemanager.googleapis.com/v1/projects/okuoku-ba439  
  
 Thu Aug 02 2018 10:09:30 GMT+0300 (+03)
[debug] [2018-08-02T07:09:32.315Z] <<< HTTP RESPONSE 200
[info] 
[info] === Serving from '/Users/ahmetakkoc/Desktop/okuoku'...
[info] 
[debug] [2018-08-02T07:09:32.317Z] >>> HTTP REQUEST GET https://mobilesdk-pa.googleapis.com/v1/projects/624965285951/clients/_:getWebAppConfig  
  
 Thu Aug 02 2018 10:09:32 GMT+0300 (+03)
[debug] [2018-08-02T07:09:34.904Z] <<< HTTP RESPONSE 200
[info] i  hosting: Serving hosting files from: public
[info] ✔  hosting: Local server: http://localhost:5000

